<?xml version="1.0" encoding="UTF-8"?>
<testng-results ignored="0" total="1" passed="1" failed="0" skipped="0">
  <reporter-output>
  </reporter-output>
  <suite started-at="2023-02-28T06:18:55 EST" name="Suite" finished-at="2023-02-28T06:19:04 EST" duration-ms="9129">
    <groups>
      <group name="Smoke">
        <method signature="AuthorizationCodeEntryTestCase.validatesecutityQuesRadioBtn()[pri:0, instance:bankTestCases.AuthorizationCodeEntryTestCase@62379589]" name="validatesecutityQuesRadioBtn" class="bankTestCases.AuthorizationCodeEntryTestCase"/>
      </group> <!-- Smoke -->
    </groups>
    <test started-at="2023-02-28T06:18:55 EST" name="Test" finished-at="2023-02-28T06:19:04 EST" duration-ms="9129">
      <class name="bankTestCases.AuthorizationCodeEntryTestCase">
        <test-method is-config="true" signature="loadProp()[pri:0, instance:bankTestCases.AuthorizationCodeEntryTestCase@62379589]" started-at="2023-02-28T06:18:55 EST" name="loadProp" finished-at="2023-02-28T06:18:55 EST" duration-ms="11" status="PASS">
          <reporter-output>
          </reporter-output>
        </test-method> <!-- loadProp -->
        <test-method is-config="true" signature="launchApp(java.lang.String)[pri:0, instance:bankTestCases.AuthorizationCodeEntryTestCase@62379589]" started-at="2023-02-28T06:18:55 EST" name="launchApp" finished-at="2023-02-28T06:19:02 EST" duration-ms="7270" status="PASS">
          <params>
            <param index="0">
              <value>
                <![CDATA[FireFox]]>
              </value>
            </param>
          </params>
          <reporter-output>
          </reporter-output>
        </test-method> <!-- launchApp -->
        <test-method signature="validatesecutityQuesRadioBtn()[pri:0, instance:bankTestCases.AuthorizationCodeEntryTestCase@62379589]" started-at="2023-02-28T06:19:02 EST" name="validatesecutityQuesRadioBtn" finished-at="2023-02-28T06:19:04 EST" duration-ms="1810" status="PASS">
          <reporter-output>
          </reporter-output>
        </test-method> <!-- validatesecutityQuesRadioBtn -->
      </class> <!-- bankTestCases.AuthorizationCodeEntryTestCase -->
    </test> <!-- Test -->
  </suite> <!-- Suite -->
</testng-results>
