<?xml version="1.0" encoding="UTF-8"?>
<testng-results ignored="0" total="1" passed="1" failed="0" skipped="0">
  <reporter-output>
  </reporter-output>
  <suite started-at="2023-02-28T05:41:00 EST" name="Suite" finished-at="2023-02-28T05:41:10 EST" duration-ms="10045">
    <groups>
    </groups>
    <test started-at="2023-02-28T05:41:00 EST" name="Test" finished-at="2023-02-28T05:41:10 EST" duration-ms="10045">
      <class name="bankTestCases.HomePage5TestCases">
        <test-method is-config="true" signature="loadProp()[pri:0, instance:bankTestCases.HomePage5TestCases@557caf28]" started-at="2023-02-28T05:41:00 EST" name="loadProp" finished-at="2023-02-28T05:41:00 EST" duration-ms="10" status="PASS">
          <reporter-output>
          </reporter-output>
        </test-method> <!-- loadProp -->
        <test-method is-config="true" signature="launchApp(java.lang.String)[pri:0, instance:bankTestCases.HomePage5TestCases@557caf28]" started-at="2023-02-28T05:41:00 EST" name="launchApp" finished-at="2023-02-28T05:41:07 EST" duration-ms="6601" status="PASS">
          <params>
            <param index="0">
              <value>
                <![CDATA[Firefox]]>
              </value>
            </param>
          </params>
          <reporter-output>
          </reporter-output>
        </test-method> <!-- launchApp -->
        <test-method signature="homepage()[pri:0, instance:bankTestCases.HomePage5TestCases@557caf28]" started-at="2023-02-28T05:41:07 EST" name="homepage" finished-at="2023-02-28T05:41:10 EST" duration-ms="3197" status="PASS">
          <reporter-output>
          </reporter-output>
        </test-method> <!-- homepage -->
      </class> <!-- bankTestCases.HomePage5TestCases -->
    </test> <!-- Test -->
  </suite> <!-- Suite -->
</testng-results>
