<?xml version="1.0" encoding="UTF-8"?>
<!-- Generated by org.testng.reporters.JUnitXMLReporter -->
<testsuite ignored="0" hostname="DESKTOP-RCHGCD2" failures="2" tests="2" name="FirefoxTest" time="23.606" errors="0" timestamp="2023-02-27T14:16:26 EST">
  <testcase classname="bankTestCases.BillPayTestCases" name="billPay" time="3.371">
    <failure type="org.openqa.selenium.interactions.MoveTargetOutOfBoundsException" message="(356, -50) is out of bounds of viewport width (1536) and height (750)
Build info: version: &amp;apos;4.7.2&amp;apos;, revision: &amp;apos;4d4020c3b7&amp;apos;
System info: os.name: &amp;apos;Windows 10&amp;apos;, os.arch: &amp;apos;amd64&amp;apos;, os.version: &amp;apos;10.0&amp;apos;, java.version: &amp;apos;17.0.5&amp;apos;
Driver info: org.openqa.selenium.firefox.FirefoxDriver
Command: [8c2ef2c8-0959-48d9-b42b-867e15729849, actions {actions=[org.openqa.selenium.interactions.Sequence@3adb08ba]}]
Capabilities {acceptInsecureCerts: true, browserName: firefox, browserVersion: 88.0.1, moz:accessibilityChecks: false, moz:buildID: 20210504152106, moz:debuggerAddress: localhost:23377, moz:geckodriverVersion: 0.32.2, moz:headless: false, moz:processID: 142236, moz:profile: C:\Users\richm\AppData\Loca..., moz:shutdownTimeout: 60000, moz:useNonSpecCompliantPointerOrigin: false, moz:webdriverClick: true, pageLoadStrategy: normal, platformName: WINDOWS, platformVersion: 10.0, rotatable: false, se:cdp: ws://localhost:23377/devtoo..., se:cdpVersion: 85.0, setWindowRect: true, strictFileInteractability: false, timeouts: {implicit: 0, pageLoad: 300000, script: 30000}, unhandledPromptBehavior: dismiss and notify}
Session ID: 8c2ef2c8-0959-48d9-b42b-867e15729849">
      <![CDATA[org.openqa.selenium.interactions.MoveTargetOutOfBoundsException: (356, -50) is out of bounds of viewport width (1536) and height (750)
Build info: version: '4.7.2', revision: '4d4020c3b7'
System info: os.name: 'Windows 10', os.arch: 'amd64', os.version: '10.0', java.version: '17.0.5'
Driver info: org.openqa.selenium.firefox.FirefoxDriver
Command: [8c2ef2c8-0959-48d9-b42b-867e15729849, actions {actions=[org.openqa.selenium.interactions.Sequence@3adb08ba]}]
Capabilities {acceptInsecureCerts: true, browserName: firefox, browserVersion: 88.0.1, moz:accessibilityChecks: false, moz:buildID: 20210504152106, moz:debuggerAddress: localhost:23377, moz:geckodriverVersion: 0.32.2, moz:headless: false, moz:processID: 142236, moz:profile: C:\Users\richm\AppData\Loca..., moz:shutdownTimeout: 60000, moz:useNonSpecCompliantPointerOrigin: false, moz:webdriverClick: true, pageLoadStrategy: normal, platformName: WINDOWS, platformVersion: 10.0, rotatable: false, se:cdp: ws://localhost:23377/devtoo..., se:cdpVersion: 85.0, setWindowRect: true, strictFileInteractability: false, timeouts: {implicit: 0, pageLoad: 300000, script: 30000}, unhandledPromptBehavior: dismiss and notify}
Session ID: 8c2ef2c8-0959-48d9-b42b-867e15729849
at org.openqa.selenium.remote.codec.w3c.W3CHttpResponseCodec.createException(W3CHttpResponseCodec.java:200)
at org.openqa.selenium.remote.codec.w3c.W3CHttpResponseCodec.decode(W3CHttpResponseCodec.java:133)
at org.openqa.selenium.remote.codec.w3c.W3CHttpResponseCodec.decode(W3CHttpResponseCodec.java:53)
at org.openqa.selenium.remote.HttpCommandExecutor.execute(HttpCommandExecutor.java:184)
at org.openqa.selenium.remote.service.DriverCommandExecutor.invokeExecute(DriverCommandExecutor.java:167)
at org.openqa.selenium.remote.service.DriverCommandExecutor.execute(DriverCommandExecutor.java:142)
at org.openqa.selenium.remote.RemoteWebDriver.execute(RemoteWebDriver.java:535)
at org.openqa.selenium.remote.RemoteWebDriver.perform(RemoteWebDriver.java:603)
at org.openqa.selenium.interactions.Actions$BuiltAction.perform(Actions.java:567)
at actionInterface.Action.click(Action.java:57)
at pageObjects.HomePage5.clickingOnBillPayTab(HomePage5.java:47)
at bankTestCases.BillPayTestCases.billPay(BillPayTestCases.java:57)
at java.base/java.util.ArrayList.forEach(ArrayList.java:1511)
at java.base/java.util.concurrent.FutureTask.run(FutureTask.java:264)
at java.base/java.util.concurrent.ThreadPoolExecutor.runWorker(ThreadPoolExecutor.java:1136)
at java.base/java.util.concurrent.ThreadPoolExecutor$Worker.run(ThreadPoolExecutor.java:635)
at java.base/java.lang.Thread.run(Thread.java:833)
... Removed 22 stack frames]]>
    </failure>
  </testcase> <!-- billPay -->
  <testcase classname="bankTestCases.BillPayTestCases" name="billPay" time="3.422">
    <failure type="org.openqa.selenium.interactions.MoveTargetOutOfBoundsException" message="(356, -50) is out of bounds of viewport width (1536) and height (750)
Build info: version: &amp;apos;4.7.2&amp;apos;, revision: &amp;apos;4d4020c3b7&amp;apos;
System info: os.name: &amp;apos;Windows 10&amp;apos;, os.arch: &amp;apos;amd64&amp;apos;, os.version: &amp;apos;10.0&amp;apos;, java.version: &amp;apos;17.0.5&amp;apos;
Driver info: org.openqa.selenium.firefox.FirefoxDriver
Command: [c6dd8ce1-c8c4-4a81-89c3-c2882e8a8180, actions {actions=[org.openqa.selenium.interactions.Sequence@70200d4d]}]
Capabilities {acceptInsecureCerts: true, browserName: firefox, browserVersion: 88.0.1, moz:accessibilityChecks: false, moz:buildID: 20210504152106, moz:debuggerAddress: localhost:45364, moz:geckodriverVersion: 0.32.2, moz:headless: false, moz:processID: 165272, moz:profile: C:\Users\richm\AppData\Loca..., moz:shutdownTimeout: 60000, moz:useNonSpecCompliantPointerOrigin: false, moz:webdriverClick: true, pageLoadStrategy: normal, platformName: WINDOWS, platformVersion: 10.0, rotatable: false, se:cdp: ws://localhost:45364/devtoo..., se:cdpVersion: 85.0, setWindowRect: true, strictFileInteractability: false, timeouts: {implicit: 0, pageLoad: 300000, script: 30000}, unhandledPromptBehavior: dismiss and notify}
Session ID: c6dd8ce1-c8c4-4a81-89c3-c2882e8a8180">
      <![CDATA[org.openqa.selenium.interactions.MoveTargetOutOfBoundsException: (356, -50) is out of bounds of viewport width (1536) and height (750)
Build info: version: '4.7.2', revision: '4d4020c3b7'
System info: os.name: 'Windows 10', os.arch: 'amd64', os.version: '10.0', java.version: '17.0.5'
Driver info: org.openqa.selenium.firefox.FirefoxDriver
Command: [c6dd8ce1-c8c4-4a81-89c3-c2882e8a8180, actions {actions=[org.openqa.selenium.interactions.Sequence@70200d4d]}]
Capabilities {acceptInsecureCerts: true, browserName: firefox, browserVersion: 88.0.1, moz:accessibilityChecks: false, moz:buildID: 20210504152106, moz:debuggerAddress: localhost:45364, moz:geckodriverVersion: 0.32.2, moz:headless: false, moz:processID: 165272, moz:profile: C:\Users\richm\AppData\Loca..., moz:shutdownTimeout: 60000, moz:useNonSpecCompliantPointerOrigin: false, moz:webdriverClick: true, pageLoadStrategy: normal, platformName: WINDOWS, platformVersion: 10.0, rotatable: false, se:cdp: ws://localhost:45364/devtoo..., se:cdpVersion: 85.0, setWindowRect: true, strictFileInteractability: false, timeouts: {implicit: 0, pageLoad: 300000, script: 30000}, unhandledPromptBehavior: dismiss and notify}
Session ID: c6dd8ce1-c8c4-4a81-89c3-c2882e8a8180
at org.openqa.selenium.remote.codec.w3c.W3CHttpResponseCodec.createException(W3CHttpResponseCodec.java:200)
at org.openqa.selenium.remote.codec.w3c.W3CHttpResponseCodec.decode(W3CHttpResponseCodec.java:133)
at org.openqa.selenium.remote.codec.w3c.W3CHttpResponseCodec.decode(W3CHttpResponseCodec.java:53)
at org.openqa.selenium.remote.HttpCommandExecutor.execute(HttpCommandExecutor.java:184)
at org.openqa.selenium.remote.service.DriverCommandExecutor.invokeExecute(DriverCommandExecutor.java:167)
at org.openqa.selenium.remote.service.DriverCommandExecutor.execute(DriverCommandExecutor.java:142)
at org.openqa.selenium.remote.RemoteWebDriver.execute(RemoteWebDriver.java:535)
at org.openqa.selenium.remote.RemoteWebDriver.perform(RemoteWebDriver.java:603)
at org.openqa.selenium.interactions.Actions$BuiltAction.perform(Actions.java:567)
at actionInterface.Action.click(Action.java:57)
at pageObjects.HomePage5.clickingOnBillPayTab(HomePage5.java:47)
at bankTestCases.BillPayTestCases.billPay(BillPayTestCases.java:57)
at java.base/java.util.ArrayList.forEach(ArrayList.java:1511)
at java.base/java.util.concurrent.FutureTask.run(FutureTask.java:264)
at java.base/java.util.concurrent.ThreadPoolExecutor.runWorker(ThreadPoolExecutor.java:1136)
at java.base/java.util.concurrent.ThreadPoolExecutor$Worker.run(ThreadPoolExecutor.java:635)
at java.base/java.lang.Thread.run(Thread.java:833)
... Removed 22 stack frames]]>
    </failure>
  </testcase> <!-- billPay -->
</testsuite> <!-- FirefoxTest -->
