<?xml version="1.0" encoding="UTF-8"?>
<!-- Generated by org.testng.reporters.JUnitXMLReporter -->
<testsuite ignored="8" hostname="DESKTOP-RCHGCD2" failures="0" tests="2" name="Test" time="14.269" errors="0" timestamp="2023-02-28T04:50:24 EST">
  <testcase classname="bankTestCases.AuthorizationCodeEntryTestCase" name="validatesecutityQuesRadioBtn" time="1.856"/>
  <testcase classname="bankTestCases.OLBSimulatorTestCase" name="test1" time="0.796"/>
  <testcase classname="baseTest.BaseTest" name="@BeforeSuite loadProp" time="0.0">
    <ignored/>
  </testcase> <!-- @BeforeSuite loadProp -->
  <testcase classname="baseTest.BaseTest" name="@BeforeSuite loadProp" time="0.0">
    <ignored/>
  </testcase> <!-- @BeforeSuite loadProp -->
  <testcase classname="bankTestCases.RequestAuthorizationCodeTest" name="validatePhoneRadio" time="0.0">
    <ignored/>
  </testcase> <!-- validatePhoneRadio -->
  <testcase classname="baseTest.BaseTest" name="@BeforeSuite loadProp" time="0.0">
    <ignored/>
  </testcase> <!-- @BeforeSuite loadProp -->
  <testcase classname="bankTestCases.RequestAuthorizationCodeTest" name="validateQuickHelp" time="0.0">
    <ignored/>
  </testcase> <!-- validateQuickHelp -->
  <testcase classname="bankTestCases.BillPayTestCases" name="billPay" time="0.0">
    <ignored/>
  </testcase> <!-- billPay -->
  <testcase classname="bankTestCases.HomePage5TestCases" name="homepage" time="0.0">
    <ignored/>
  </testcase> <!-- homepage -->
  <testcase classname="baseTest.BaseTest" name="@BeforeSuite loadProp" time="0.0">
    <ignored/>
  </testcase> <!-- @BeforeSuite loadProp -->
</testsuite> <!-- Test -->
